2022-03-16 20:54:02,951 - __main__ - INFO - Настройка логгирования окончена, программа запущена
2022-03-16 20:54:04,097 - __main__ - INFO - Нажатие кнопки добавления набора сигналов
2022-03-16 20:54:04,098 - __main__ - INFO - Добавление предустановленного набора сигналов
2022-03-16 20:54:04,101 - __main__ - INFO - Добавлен синий сигнал
2022-03-16 20:54:04,102 - __main__ - INFO - Общее количество сигналов = 1
2022-03-16 20:54:04,102 - __main__ - INFO - Добавлен синий сигнал
2022-03-16 20:54:04,102 - __main__ - INFO - Общее количество сигналов = 2
2022-03-16 20:54:04,103 - __main__ - INFO - Добавлен зеленый сигнал
2022-03-16 20:54:04,104 - __main__ - INFO - Общее количество сигналов = 3
2022-03-16 20:54:04,105 - __main__ - INFO - Добавлен синий сигнал
2022-03-16 20:54:04,105 - __main__ - INFO - Общее количество сигналов = 4
2022-03-16 20:54:04,106 - __main__ - INFO - Добавлен красный сигнал
2022-03-16 20:54:04,106 - __main__ - INFO - Общее количество сигналов = 5
2022-03-16 20:54:04,107 - __main__ - INFO - Добавлен зеленый сигнал
2022-03-16 20:54:04,107 - __main__ - INFO - Общее количество сигналов = 6
2022-03-16 20:54:04,107 - __main__ - INFO - Добавлен зеленый сигнал
2022-03-16 20:54:04,108 - __main__ - INFO - Общее количество сигналов = 7
2022-03-16 20:54:04,108 - __main__ - INFO - Добавлен зеленый сигнал
2022-03-16 20:54:04,108 - __main__ - INFO - Общее количество сигналов = 8
2022-03-16 20:54:04,109 - __main__ - INFO - Добавлен красный сигнал
2022-03-16 20:54:04,109 - __main__ - INFO - Общее количество сигналов = 9
2022-03-16 20:54:04,109 - __main__ - INFO - Добавлен красный сигнал
2022-03-16 20:54:04,110 - __main__ - INFO - Общее количество сигналов = 10
2022-03-16 20:54:04,110 - __main__ - INFO - Добавлен синий сигнал
2022-03-16 20:54:04,111 - __main__ - INFO - Общее количество сигналов = 11
2022-03-16 20:54:04,111 - __main__ - INFO - Добавлен зеленый сигнал
2022-03-16 20:54:04,111 - __main__ - INFO - Общее количество сигналов = 12
2022-03-16 20:54:04,112 - __main__ - INFO - Добавлен синий сигнал
2022-03-16 20:54:04,112 - __main__ - INFO - Общее количество сигналов = 13
2022-03-16 20:54:04,112 - __main__ - INFO - Добавлен синий сигнал
2022-03-16 20:54:04,113 - __main__ - INFO - Общее количество сигналов = 14
2022-03-16 20:54:04,113 - __main__ - INFO - Добавлен красный сигнал
2022-03-16 20:54:04,113 - __main__ - INFO - Общее количество сигналов = 15
2022-03-16 20:54:04,114 - __main__ - INFO - Добавлен зеленый сигнал
2022-03-16 20:54:04,114 - __main__ - INFO - Общее количество сигналов = 16
2022-03-16 20:54:04,736 - __main__ - INFO - Нажатие кнопки сортировки сигналов
2022-03-16 20:54:04,737 - __main__ - INFO - Сортировка полученного набора сигналов!
2022-03-16 20:54:04,737 - __main__ - INFO - Добавлен зеленый сигнал
2022-03-16 20:54:04,737 - __main__ - INFO - Общее количество сигналов = 1
2022-03-16 20:54:04,737 - __main__ - INFO - Добавлен зеленый сигнал
2022-03-16 20:54:04,737 - __main__ - INFO - Общее количество сигналов = 2
2022-03-16 20:54:04,737 - __main__ - INFO - Добавлен зеленый сигнал
2022-03-16 20:54:04,737 - __main__ - INFO - Общее количество сигналов = 3
2022-03-16 20:54:04,737 - __main__ - INFO - Добавлен зеленый сигнал
2022-03-16 20:54:04,737 - __main__ - INFO - Общее количество сигналов = 4
2022-03-16 20:54:04,738 - __main__ - INFO - Добавлен зеленый сигнал
2022-03-16 20:54:04,738 - __main__ - INFO - Общее количество сигналов = 5
2022-03-16 20:54:04,738 - __main__ - INFO - Добавлен зеленый сигнал
2022-03-16 20:54:04,738 - __main__ - INFO - Общее количество сигналов = 6
2022-03-16 20:54:04,738 - __main__ - INFO - Добавлен синий сигнал
2022-03-16 20:54:04,738 - __main__ - INFO - Общее количество сигналов = 7
2022-03-16 20:54:04,738 - __main__ - INFO - Добавлен синий сигнал
2022-03-16 20:54:04,738 - __main__ - INFO - Общее количество сигналов = 8
2022-03-16 20:54:04,738 - __main__ - INFO - Добавлен синий сигнал
2022-03-16 20:54:04,739 - __main__ - INFO - Общее количество сигналов = 9
2022-03-16 20:54:04,739 - __main__ - INFO - Добавлен синий сигнал
2022-03-16 20:54:04,739 - __main__ - INFO - Общее количество сигналов = 10
2022-03-16 20:54:04,739 - __main__ - INFO - Добавлен синий сигнал
2022-03-16 20:54:04,739 - __main__ - INFO - Общее количество сигналов = 11
2022-03-16 20:54:04,739 - __main__ - INFO - Добавлен синий сигнал
2022-03-16 20:54:04,739 - __main__ - INFO - Общее количество сигналов = 12
2022-03-16 20:54:04,740 - __main__ - INFO - Добавлен красный сигнал
2022-03-16 20:54:04,740 - __main__ - INFO - Общее количество сигналов = 13
2022-03-16 20:54:04,740 - __main__ - INFO - Добавлен красный сигнал
2022-03-16 20:54:04,740 - __main__ - INFO - Общее количество сигналов = 14
2022-03-16 20:54:04,740 - __main__ - INFO - Добавлен красный сигнал
2022-03-16 20:54:04,740 - __main__ - INFO - Общее количество сигналов = 15
2022-03-16 20:54:04,740 - __main__ - INFO - Добавлен красный сигнал
2022-03-16 20:54:04,740 - __main__ - INFO - Общее количество сигналов = 16
2022-03-16 20:54:07,141 - __main__ - INFO - Программа закрыта



2022-03-16 20:54:13,162 - Automiq_main - INFO - Настройка логгирования окончена, программа запущена
2022-03-16 20:54:14,283 - Automiq_main - INFO - Нажатие кнопки добавления набора сигналов
2022-03-16 20:54:14,283 - Automiq_main - INFO - Добавление предустановленного набора сигналов
2022-03-16 20:54:14,283 - Automiq_main - INFO - Добавлен синий сигнал
2022-03-16 20:54:14,283 - Automiq_main - INFO - Общее количество сигналов = 1
2022-03-16 20:54:14,284 - Automiq_main - INFO - Добавлен синий сигнал
2022-03-16 20:54:14,284 - Automiq_main - INFO - Общее количество сигналов = 2
2022-03-16 20:54:14,284 - Automiq_main - INFO - Добавлен зеленый сигнал
2022-03-16 20:54:14,284 - Automiq_main - INFO - Общее количество сигналов = 3
2022-03-16 20:54:14,284 - Automiq_main - INFO - Добавлен синий сигнал
2022-03-16 20:54:14,284 - Automiq_main - INFO - Общее количество сигналов = 4
2022-03-16 20:54:14,285 - Automiq_main - INFO - Добавлен красный сигнал
2022-03-16 20:54:14,285 - Automiq_main - INFO - Общее количество сигналов = 5
2022-03-16 20:54:14,285 - Automiq_main - INFO - Добавлен зеленый сигнал
2022-03-16 20:54:14,286 - Automiq_main - INFO - Общее количество сигналов = 6
2022-03-16 20:54:14,286 - Automiq_main - INFO - Добавлен зеленый сигнал
2022-03-16 20:54:14,286 - Automiq_main - INFO - Общее количество сигналов = 7
2022-03-16 20:54:14,286 - Automiq_main - INFO - Добавлен зеленый сигнал
2022-03-16 20:54:14,286 - Automiq_main - INFO - Общее количество сигналов = 8
2022-03-16 20:54:14,286 - Automiq_main - INFO - Добавлен красный сигнал
2022-03-16 20:54:14,287 - Automiq_main - INFO - Общее количество сигналов = 9
2022-03-16 20:54:14,287 - Automiq_main - INFO - Добавлен красный сигнал
2022-03-16 20:54:14,287 - Automiq_main - INFO - Общее количество сигналов = 10
2022-03-16 20:54:14,287 - Automiq_main - INFO - Добавлен синий сигнал
2022-03-16 20:54:14,287 - Automiq_main - INFO - Общее количество сигналов = 11
2022-03-16 20:54:14,287 - Automiq_main - INFO - Добавлен зеленый сигнал
2022-03-16 20:54:14,287 - Automiq_main - INFO - Общее количество сигналов = 12
2022-03-16 20:54:14,288 - Automiq_main - INFO - Добавлен синий сигнал
2022-03-16 20:54:14,288 - Automiq_main - INFO - Общее количество сигналов = 13
2022-03-16 20:54:14,288 - Automiq_main - INFO - Добавлен синий сигнал
2022-03-16 20:54:14,288 - Automiq_main - INFO - Общее количество сигналов = 14
2022-03-16 20:54:14,288 - Automiq_main - INFO - Добавлен красный сигнал
2022-03-16 20:54:14,288 - Automiq_main - INFO - Общее количество сигналов = 15
2022-03-16 20:54:14,289 - Automiq_main - INFO - Добавлен зеленый сигнал
2022-03-16 20:54:14,289 - Automiq_main - INFO - Общее количество сигналов = 16
2022-03-16 20:54:14,830 - Automiq_main - INFO - Нажатие кнопки сортировки сигналов
2022-03-16 20:54:14,830 - Automiq_main - INFO - Сортировка полученного набора сигналов!
2022-03-16 20:54:14,831 - Automiq_main - INFO - Добавлен зеленый сигнал
2022-03-16 20:54:14,831 - Automiq_main - INFO - Общее количество сигналов = 1
2022-03-16 20:54:14,832 - Automiq_main - INFO - Добавлен зеленый сигнал
2022-03-16 20:54:14,832 - Automiq_main - INFO - Общее количество сигналов = 2
2022-03-16 20:54:14,832 - Automiq_main - INFO - Добавлен зеленый сигнал
2022-03-16 20:54:14,833 - Automiq_main - INFO - Общее количество сигналов = 3
2022-03-16 20:54:14,833 - Automiq_main - INFO - Добавлен зеленый сигнал
2022-03-16 20:54:14,833 - Automiq_main - INFO - Общее количество сигналов = 4
2022-03-16 20:54:14,833 - Automiq_main - INFO - Добавлен зеленый сигнал
2022-03-16 20:54:14,833 - Automiq_main - INFO - Общее количество сигналов = 5
2022-03-16 20:54:14,834 - Automiq_main - INFO - Добавлен зеленый сигнал
2022-03-16 20:54:14,834 - Automiq_main - INFO - Общее количество сигналов = 6
2022-03-16 20:54:14,834 - Automiq_main - INFO - Добавлен синий сигнал
2022-03-16 20:54:14,834 - Automiq_main - INFO - Общее количество сигналов = 7
2022-03-16 20:54:14,835 - Automiq_main - INFO - Добавлен синий сигнал
2022-03-16 20:54:14,835 - Automiq_main - INFO - Общее количество сигналов = 8
2022-03-16 20:54:14,835 - Automiq_main - INFO - Добавлен синий сигнал
2022-03-16 20:54:14,835 - Automiq_main - INFO - Общее количество сигналов = 9
2022-03-16 20:54:14,836 - Automiq_main - INFO - Добавлен синий сигнал
2022-03-16 20:54:14,836 - Automiq_main - INFO - Общее количество сигналов = 10
2022-03-16 20:54:14,836 - Automiq_main - INFO - Добавлен синий сигнал
2022-03-16 20:54:14,836 - Automiq_main - INFO - Общее количество сигналов = 11
2022-03-16 20:54:14,837 - Automiq_main - INFO - Добавлен синий сигнал
2022-03-16 20:54:14,837 - Automiq_main - INFO - Общее количество сигналов = 12
2022-03-16 20:54:14,837 - Automiq_main - INFO - Добавлен красный сигнал
2022-03-16 20:54:14,837 - Automiq_main - INFO - Общее количество сигналов = 13
2022-03-16 20:54:14,838 - Automiq_main - INFO - Добавлен красный сигнал
2022-03-16 20:54:14,838 - Automiq_main - INFO - Общее количество сигналов = 14
2022-03-16 20:54:14,838 - Automiq_main - INFO - Добавлен красный сигнал
2022-03-16 20:54:14,838 - Automiq_main - INFO - Общее количество сигналов = 15
2022-03-16 20:54:14,839 - Automiq_main - INFO - Добавлен красный сигнал
2022-03-16 20:54:14,839 - Automiq_main - INFO - Общее количество сигналов = 16
2022-03-16 20:54:16,791 - Automiq_main - INFO - Программа закрыта



2022-03-16 20:54:57,338 - Automiq_main - INFO - Настройка логгирования окончена, программа запущена
2022-03-16 20:54:58,284 - Automiq_main - INFO - Нажатие кнопки добавления набора сигналов
2022-03-16 20:54:58,284 - Automiq_main - INFO - Добавление предустановленного набора сигналов
2022-03-16 20:54:58,284 - Automiq_main - INFO - Добавлен синий сигнал
2022-03-16 20:54:58,285 - Automiq_main - INFO - Общее количество сигналов = 1
2022-03-16 20:54:58,285 - Automiq_main - INFO - Добавлен синий сигнал
2022-03-16 20:54:58,285 - Automiq_main - INFO - Общее количество сигналов = 2
2022-03-16 20:54:58,285 - Automiq_main - INFO - Добавлен зеленый сигнал
2022-03-16 20:54:58,285 - Automiq_main - INFO - Общее количество сигналов = 3
2022-03-16 20:54:58,285 - Automiq_main - INFO - Добавлен синий сигнал
2022-03-16 20:54:58,285 - Automiq_main - INFO - Общее количество сигналов = 4
2022-03-16 20:54:58,286 - Automiq_main - INFO - Добавлен красный сигнал
2022-03-16 20:54:58,286 - Automiq_main - INFO - Общее количество сигналов = 5
2022-03-16 20:54:58,286 - Automiq_main - INFO - Добавлен зеленый сигнал
2022-03-16 20:54:58,286 - Automiq_main - INFO - Общее количество сигналов = 6
2022-03-16 20:54:58,286 - Automiq_main - INFO - Добавлен зеленый сигнал
2022-03-16 20:54:58,286 - Automiq_main - INFO - Общее количество сигналов = 7
2022-03-16 20:54:58,287 - Automiq_main - INFO - Добавлен зеленый сигнал
2022-03-16 20:54:58,287 - Automiq_main - INFO - Общее количество сигналов = 8
2022-03-16 20:54:58,287 - Automiq_main - INFO - Добавлен красный сигнал
2022-03-16 20:54:58,287 - Automiq_main - INFO - Общее количество сигналов = 9
2022-03-16 20:54:58,287 - Automiq_main - INFO - Добавлен красный сигнал
2022-03-16 20:54:58,287 - Automiq_main - INFO - Общее количество сигналов = 10
2022-03-16 20:54:58,287 - Automiq_main - INFO - Добавлен синий сигнал
2022-03-16 20:54:58,287 - Automiq_main - INFO - Общее количество сигналов = 11
2022-03-16 20:54:58,288 - Automiq_main - INFO - Добавлен зеленый сигнал
2022-03-16 20:54:58,288 - Automiq_main - INFO - Общее количество сигналов = 12
2022-03-16 20:54:58,288 - Automiq_main - INFO - Добавлен синий сигнал
2022-03-16 20:54:58,288 - Automiq_main - INFO - Общее количество сигналов = 13
2022-03-16 20:54:58,288 - Automiq_main - INFO - Добавлен синий сигнал
2022-03-16 20:54:58,288 - Automiq_main - INFO - Общее количество сигналов = 14
2022-03-16 20:54:58,288 - Automiq_main - INFO - Добавлен красный сигнал
2022-03-16 20:54:58,288 - Automiq_main - INFO - Общее количество сигналов = 15
2022-03-16 20:54:58,288 - Automiq_main - INFO - Добавлен зеленый сигнал
2022-03-16 20:54:58,289 - Automiq_main - INFO - Общее количество сигналов = 16
2022-03-16 20:54:58,676 - Automiq_main - INFO - Нажатие кнопки сортировки сигналов
2022-03-16 20:54:58,676 - Automiq_main - INFO - Сортировка полученного набора сигналов!
2022-03-16 20:54:58,677 - Automiq_main - INFO - Добавлен зеленый сигнал
2022-03-16 20:54:58,677 - Automiq_main - INFO - Общее количество сигналов = 1
2022-03-16 20:54:58,677 - Automiq_main - INFO - Добавлен зеленый сигнал
2022-03-16 20:54:58,677 - Automiq_main - INFO - Общее количество сигналов = 2
2022-03-16 20:54:58,677 - Automiq_main - INFO - Добавлен зеленый сигнал
2022-03-16 20:54:58,677 - Automiq_main - INFO - Общее количество сигналов = 3
2022-03-16 20:54:58,678 - Automiq_main - INFO - Добавлен зеленый сигнал
2022-03-16 20:54:58,678 - Automiq_main - INFO - Общее количество сигналов = 4
2022-03-16 20:54:58,678 - Automiq_main - INFO - Добавлен зеленый сигнал
2022-03-16 20:54:58,678 - Automiq_main - INFO - Общее количество сигналов = 5
2022-03-16 20:54:58,678 - Automiq_main - INFO - Добавлен зеленый сигнал
2022-03-16 20:54:58,679 - Automiq_main - INFO - Общее количество сигналов = 6
2022-03-16 20:54:58,679 - Automiq_main - INFO - Добавлен синий сигнал
2022-03-16 20:54:58,679 - Automiq_main - INFO - Общее количество сигналов = 7
2022-03-16 20:54:58,679 - Automiq_main - INFO - Добавлен синий сигнал
2022-03-16 20:54:58,679 - Automiq_main - INFO - Общее количество сигналов = 8
2022-03-16 20:54:58,679 - Automiq_main - INFO - Добавлен синий сигнал
2022-03-16 20:54:58,680 - Automiq_main - INFO - Общее количество сигналов = 9
2022-03-16 20:54:58,680 - Automiq_main - INFO - Добавлен синий сигнал
2022-03-16 20:54:58,680 - Automiq_main - INFO - Общее количество сигналов = 10
2022-03-16 20:54:58,680 - Automiq_main - INFO - Добавлен синий сигнал
2022-03-16 20:54:58,680 - Automiq_main - INFO - Общее количество сигналов = 11
2022-03-16 20:54:58,681 - Automiq_main - INFO - Добавлен синий сигнал
2022-03-16 20:54:58,681 - Automiq_main - INFO - Общее количество сигналов = 12
2022-03-16 20:54:58,681 - Automiq_main - INFO - Добавлен красный сигнал
2022-03-16 20:54:58,681 - Automiq_main - INFO - Общее количество сигналов = 13
2022-03-16 20:54:58,681 - Automiq_main - INFO - Добавлен красный сигнал
2022-03-16 20:54:58,682 - Automiq_main - INFO - Общее количество сигналов = 14
2022-03-16 20:54:58,682 - Automiq_main - INFO - Добавлен красный сигнал
2022-03-16 20:54:58,682 - Automiq_main - INFO - Общее количество сигналов = 15
2022-03-16 20:54:58,682 - Automiq_main - INFO - Добавлен красный сигнал
2022-03-16 20:54:58,682 - Automiq_main - INFO - Общее количество сигналов = 16
2022-03-16 20:55:00,690 - Automiq_main - INFO - Программа закрыта



2022-03-17 15:23:21,413 - __main__ - INFO - Настройка логгирования окончена, программа запущена
2022-03-17 15:23:23,442 - __main__ - INFO - Нажатие кнопки добавления набора сигналов
2022-03-17 15:23:23,442 - __main__ - INFO - Добавление предустановленного набора сигналов
2022-03-17 15:23:23,442 - __main__ - INFO - Добавлен синий сигнал
2022-03-17 15:23:23,443 - __main__ - INFO - Общее количество сигналов = 1
2022-03-17 15:23:23,443 - __main__ - INFO - Добавлен синий сигнал
2022-03-17 15:23:23,443 - __main__ - INFO - Общее количество сигналов = 2
2022-03-17 15:23:23,444 - __main__ - INFO - Добавлен зеленый сигнал
2022-03-17 15:23:23,444 - __main__ - INFO - Общее количество сигналов = 3
2022-03-17 15:23:23,444 - __main__ - INFO - Добавлен синий сигнал
2022-03-17 15:23:23,444 - __main__ - INFO - Общее количество сигналов = 4
2022-03-17 15:23:23,444 - __main__ - INFO - Добавлен красный сигнал
2022-03-17 15:23:23,445 - __main__ - INFO - Общее количество сигналов = 5
2022-03-17 15:23:23,445 - __main__ - INFO - Добавлен зеленый сигнал
2022-03-17 15:23:23,445 - __main__ - INFO - Общее количество сигналов = 6
2022-03-17 15:23:23,445 - __main__ - INFO - Добавлен зеленый сигнал
2022-03-17 15:23:23,445 - __main__ - INFO - Общее количество сигналов = 7
2022-03-17 15:23:23,446 - __main__ - INFO - Добавлен зеленый сигнал
2022-03-17 15:23:23,446 - __main__ - INFO - Общее количество сигналов = 8
2022-03-17 15:23:23,446 - __main__ - INFO - Добавлен красный сигнал
2022-03-17 15:23:23,446 - __main__ - INFO - Общее количество сигналов = 9
2022-03-17 15:23:23,446 - __main__ - INFO - Добавлен красный сигнал
2022-03-17 15:23:23,447 - __main__ - INFO - Общее количество сигналов = 10
2022-03-17 15:23:23,447 - __main__ - INFO - Добавлен синий сигнал
2022-03-17 15:23:23,447 - __main__ - INFO - Общее количество сигналов = 11
2022-03-17 15:23:23,447 - __main__ - INFO - Добавлен зеленый сигнал
2022-03-17 15:23:23,447 - __main__ - INFO - Общее количество сигналов = 12
2022-03-17 15:23:23,448 - __main__ - INFO - Добавлен синий сигнал
2022-03-17 15:23:23,448 - __main__ - INFO - Общее количество сигналов = 13
2022-03-17 15:23:23,448 - __main__ - INFO - Добавлен синий сигнал
2022-03-17 15:23:23,448 - __main__ - INFO - Общее количество сигналов = 14
2022-03-17 15:23:23,449 - __main__ - INFO - Добавлен красный сигнал
2022-03-17 15:23:23,449 - __main__ - INFO - Общее количество сигналов = 15
2022-03-17 15:23:23,449 - __main__ - INFO - Добавлен зеленый сигнал
2022-03-17 15:23:23,449 - __main__ - INFO - Общее количество сигналов = 16
2022-03-17 15:23:24,149 - __main__ - INFO - Нажатие кнопки сортировки сигналов
2022-03-17 15:23:24,149 - __main__ - INFO - Сортировка полученного набора сигналов!
2022-03-17 15:23:24,150 - __main__ - INFO - Добавлен зеленый сигнал
2022-03-17 15:23:24,150 - __main__ - INFO - Общее количество сигналов = 1
2022-03-17 15:23:24,150 - __main__ - INFO - Добавлен зеленый сигнал
2022-03-17 15:23:24,150 - __main__ - INFO - Общее количество сигналов = 2
2022-03-17 15:23:24,151 - __main__ - INFO - Добавлен зеленый сигнал
2022-03-17 15:23:24,151 - __main__ - INFO - Общее количество сигналов = 3
2022-03-17 15:23:24,151 - __main__ - INFO - Добавлен зеленый сигнал
2022-03-17 15:23:24,151 - __main__ - INFO - Общее количество сигналов = 4
2022-03-17 15:23:24,152 - __main__ - INFO - Добавлен зеленый сигнал
2022-03-17 15:23:24,152 - __main__ - INFO - Общее количество сигналов = 5
2022-03-17 15:23:24,152 - __main__ - INFO - Добавлен зеленый сигнал
2022-03-17 15:23:24,152 - __main__ - INFO - Общее количество сигналов = 6
2022-03-17 15:23:24,152 - __main__ - INFO - Добавлен синий сигнал
2022-03-17 15:23:24,152 - __main__ - INFO - Общее количество сигналов = 7
2022-03-17 15:23:24,153 - __main__ - INFO - Добавлен синий сигнал
2022-03-17 15:23:24,153 - __main__ - INFO - Общее количество сигналов = 8
2022-03-17 15:23:24,153 - __main__ - INFO - Добавлен синий сигнал
2022-03-17 15:23:24,153 - __main__ - INFO - Общее количество сигналов = 9
2022-03-17 15:23:24,153 - __main__ - INFO - Добавлен синий сигнал
2022-03-17 15:23:24,154 - __main__ - INFO - Общее количество сигналов = 10
2022-03-17 15:23:24,154 - __main__ - INFO - Добавлен синий сигнал
2022-03-17 15:23:24,154 - __main__ - INFO - Общее количество сигналов = 11
2022-03-17 15:23:24,154 - __main__ - INFO - Добавлен синий сигнал
2022-03-17 15:23:24,154 - __main__ - INFO - Общее количество сигналов = 12
2022-03-17 15:23:24,154 - __main__ - INFO - Добавлен красный сигнал
2022-03-17 15:23:24,155 - __main__ - INFO - Общее количество сигналов = 13
2022-03-17 15:23:24,155 - __main__ - INFO - Добавлен красный сигнал
2022-03-17 15:23:24,155 - __main__ - INFO - Общее количество сигналов = 14
2022-03-17 15:23:24,155 - __main__ - INFO - Добавлен красный сигнал
2022-03-17 15:23:24,156 - __main__ - INFO - Общее количество сигналов = 15
2022-03-17 15:23:24,156 - __main__ - INFO - Добавлен красный сигнал
2022-03-17 15:23:24,156 - __main__ - INFO - Общее количество сигналов = 16
2022-03-17 15:23:25,856 - __main__ - INFO - Программа закрыта



2022-03-17 15:23:30,408 - Automiq_main - INFO - Настройка логгирования окончена, программа запущена
2022-03-17 15:23:31,469 - Automiq_main - INFO - Нажатие кнопки добавления набора сигналов
2022-03-17 15:23:31,469 - Automiq_main - INFO - Добавление предустановленного набора сигналов
2022-03-17 15:23:31,470 - Automiq_main - INFO - Добавлен синий сигнал
2022-03-17 15:23:31,470 - Automiq_main - INFO - Общее количество сигналов = 1
2022-03-17 15:23:31,470 - Automiq_main - INFO - Добавлен синий сигнал
2022-03-17 15:23:31,470 - Automiq_main - INFO - Общее количество сигналов = 2
2022-03-17 15:23:31,471 - Automiq_main - INFO - Добавлен зеленый сигнал
2022-03-17 15:23:31,471 - Automiq_main - INFO - Общее количество сигналов = 3
2022-03-17 15:23:31,471 - Automiq_main - INFO - Добавлен синий сигнал
2022-03-17 15:23:31,471 - Automiq_main - INFO - Общее количество сигналов = 4
2022-03-17 15:23:31,471 - Automiq_main - INFO - Добавлен красный сигнал
2022-03-17 15:23:31,472 - Automiq_main - INFO - Общее количество сигналов = 5
2022-03-17 15:23:31,472 - Automiq_main - INFO - Добавлен зеленый сигнал
2022-03-17 15:23:31,472 - Automiq_main - INFO - Общее количество сигналов = 6
2022-03-17 15:23:31,472 - Automiq_main - INFO - Добавлен зеленый сигнал
2022-03-17 15:23:31,472 - Automiq_main - INFO - Общее количество сигналов = 7
2022-03-17 15:23:31,473 - Automiq_main - INFO - Добавлен зеленый сигнал
2022-03-17 15:23:31,473 - Automiq_main - INFO - Общее количество сигналов = 8
2022-03-17 15:23:31,473 - Automiq_main - INFO - Добавлен красный сигнал
2022-03-17 15:23:31,473 - Automiq_main - INFO - Общее количество сигналов = 9
2022-03-17 15:23:31,473 - Automiq_main - INFO - Добавлен красный сигнал
2022-03-17 15:23:31,473 - Automiq_main - INFO - Общее количество сигналов = 10
2022-03-17 15:23:31,474 - Automiq_main - INFO - Добавлен синий сигнал
2022-03-17 15:23:31,474 - Automiq_main - INFO - Общее количество сигналов = 11
2022-03-17 15:23:31,474 - Automiq_main - INFO - Добавлен зеленый сигнал
2022-03-17 15:23:31,474 - Automiq_main - INFO - Общее количество сигналов = 12
2022-03-17 15:23:31,474 - Automiq_main - INFO - Добавлен синий сигнал
2022-03-17 15:23:31,475 - Automiq_main - INFO - Общее количество сигналов = 13
2022-03-17 15:23:31,475 - Automiq_main - INFO - Добавлен синий сигнал
2022-03-17 15:23:31,475 - Automiq_main - INFO - Общее количество сигналов = 14
2022-03-17 15:23:31,475 - Automiq_main - INFO - Добавлен красный сигнал
2022-03-17 15:23:31,475 - Automiq_main - INFO - Общее количество сигналов = 15
2022-03-17 15:23:31,476 - Automiq_main - INFO - Добавлен зеленый сигнал
2022-03-17 15:23:31,476 - Automiq_main - INFO - Общее количество сигналов = 16
2022-03-17 15:23:32,122 - Automiq_main - INFO - Нажатие кнопки сортировки сигналов
2022-03-17 15:23:32,123 - Automiq_main - INFO - Сортировка полученного набора сигналов!
2022-03-17 15:23:32,123 - Automiq_main - INFO - Добавлен зеленый сигнал
2022-03-17 15:23:32,124 - Automiq_main - INFO - Общее количество сигналов = 1
2022-03-17 15:23:32,124 - Automiq_main - INFO - Добавлен зеленый сигнал
2022-03-17 15:23:32,124 - Automiq_main - INFO - Общее количество сигналов = 2
2022-03-17 15:23:32,125 - Automiq_main - INFO - Добавлен зеленый сигнал
2022-03-17 15:23:32,125 - Automiq_main - INFO - Общее количество сигналов = 3
2022-03-17 15:23:32,125 - Automiq_main - INFO - Добавлен зеленый сигнал
2022-03-17 15:23:32,126 - Automiq_main - INFO - Общее количество сигналов = 4
2022-03-17 15:23:32,126 - Automiq_main - INFO - Добавлен зеленый сигнал
2022-03-17 15:23:32,126 - Automiq_main - INFO - Общее количество сигналов = 5
2022-03-17 15:23:32,127 - Automiq_main - INFO - Добавлен зеленый сигнал
2022-03-17 15:23:32,127 - Automiq_main - INFO - Общее количество сигналов = 6
2022-03-17 15:23:32,128 - Automiq_main - INFO - Добавлен синий сигнал
2022-03-17 15:23:32,128 - Automiq_main - INFO - Общее количество сигналов = 7
2022-03-17 15:23:32,128 - Automiq_main - INFO - Добавлен синий сигнал
2022-03-17 15:23:32,128 - Automiq_main - INFO - Общее количество сигналов = 8
2022-03-17 15:23:32,129 - Automiq_main - INFO - Добавлен синий сигнал
2022-03-17 15:23:32,129 - Automiq_main - INFO - Общее количество сигналов = 9
2022-03-17 15:23:32,129 - Automiq_main - INFO - Добавлен синий сигнал
2022-03-17 15:23:32,130 - Automiq_main - INFO - Общее количество сигналов = 10
2022-03-17 15:23:32,130 - Automiq_main - INFO - Добавлен синий сигнал
2022-03-17 15:23:32,130 - Automiq_main - INFO - Общее количество сигналов = 11
2022-03-17 15:23:32,130 - Automiq_main - INFO - Добавлен синий сигнал
2022-03-17 15:23:32,131 - Automiq_main - INFO - Общее количество сигналов = 12
2022-03-17 15:23:32,131 - Automiq_main - INFO - Добавлен красный сигнал
2022-03-17 15:23:32,131 - Automiq_main - INFO - Общее количество сигналов = 13
2022-03-17 15:23:32,131 - Automiq_main - INFO - Добавлен красный сигнал
2022-03-17 15:23:32,131 - Automiq_main - INFO - Общее количество сигналов = 14
2022-03-17 15:23:32,132 - Automiq_main - INFO - Добавлен красный сигнал
2022-03-17 15:23:32,132 - Automiq_main - INFO - Общее количество сигналов = 15
2022-03-17 15:23:32,132 - Automiq_main - INFO - Добавлен красный сигнал
2022-03-17 15:23:32,132 - Automiq_main - INFO - Общее количество сигналов = 16
2022-03-17 15:23:33,994 - Automiq_main - INFO - Программа закрыта



